<?xml version="1.0" encoding="UTF-8"?>
<!-- Generated by org.testng.reporters.JUnitReportReporter -->
<testsuite hostname="HASSEN-HP" failures="0" tests="11" name="runner.CucumberRunnerTests" time="0.181" errors="11" timestamp="2023-05-24T13:36:47 EDT" skipped="0">
  <testcase classname="runner.CucumberRunnerTests" name="runScenario" time="0.010">
    <error message="A method annotated with Before, After, BeforeStep or AfterStep must have one of these signatures:
 * public void before_or_after(io.cucumber.java.Scenario scenario)
 * public void before_or_after()
at definitions.Hooks.setUp(java.lang.String)

" type="io.cucumber.java.InvalidMethodSignatureException">
      <![CDATA[io.cucumber.java.InvalidMethodSignatureException: A method annotated with Before, After, BeforeStep or AfterStep must have one of these signatures:
 * public void before_or_after(io.cucumber.java.Scenario scenario)
 * public void before_or_after()
at definitions.Hooks.setUp(java.lang.String)


at io.cucumber.java.InvalidMethodSignatureException$InvalidMethodSignatureExceptionBuilder.build(InvalidMethodSignatureException.java:52)
at io.cucumber.java.JavaHookDefinition.createInvalidSignatureException(JavaHookDefinition.java:47)
at io.cucumber.java.JavaHookDefinition.requireValidMethod(JavaHookDefinition.java:32)
at io.cucumber.java.JavaHookDefinition.<init>(JavaHookDefinition.java:18)
at io.cucumber.java.GlueAdaptor.addDefinition(GlueAdaptor.java:27)
at io.cucumber.java.JavaBackend.lambda$loadGlue$1(JavaBackend.java:42)
at io.cucumber.java.MethodScanner.scan(MethodScanner.java:65)
at io.cucumber.java.MethodScanner.scan(MethodScanner.java:56)
at io.cucumber.java.MethodScanner.scan(MethodScanner.java:31)
at io.cucumber.java.JavaBackend.lambda$loadGlue$2(JavaBackend.java:40)
at java.base/java.util.stream.ForEachOps$ForEachOp$OfRef.accept(ForEachOps.java:183)
at java.base/java.util.ArrayList$ArrayListSpliterator.forEachRemaining(ArrayList.java:1625)
at java.base/java.util.stream.ReferencePipeline$Head.forEach(ReferencePipeline.java:762)
at java.base/java.util.stream.ReferencePipeline$7$1.accept(ReferencePipeline.java:276)
at java.base/java.util.stream.ReferencePipeline$3$1.accept(ReferencePipeline.java:197)
at java.base/java.util.stream.ReferencePipeline$3$1.accept(ReferencePipeline.java:197)
at java.base/java.util.stream.ReferencePipeline$2$1.accept(ReferencePipeline.java:179)
at java.base/java.util.ArrayList$ArrayListSpliterator.forEachRemaining(ArrayList.java:1625)
at java.base/java.util.stream.AbstractPipeline.copyInto(AbstractPipeline.java:509)
at java.base/java.util.stream.AbstractPipeline.wrapAndCopyInto(AbstractPipeline.java:499)
at java.base/java.util.stream.ForEachOps$ForEachOp.evaluateSequential(ForEachOps.java:150)
at java.base/java.util.stream.ForEachOps$ForEachOp$OfRef.evaluateSequential(ForEachOps.java:173)
at java.base/java.util.stream.AbstractPipeline.evaluate(AbstractPipeline.java:234)
at java.base/java.util.stream.ReferencePipeline.forEach(ReferencePipeline.java:596)
at io.cucumber.java.JavaBackend.loadGlue(JavaBackend.java:40)
at io.cucumber.core.runner.Runner.<init>(Runner.java:54)
at io.cucumber.core.runtime.ThreadLocalRunnerSupplier.createRunner(ThreadLocalRunnerSupplier.java:51)
at java.base/java.lang.ThreadLocal$SuppliedThreadLocal.initialValue(ThreadLocal.java:305)
at java.base/java.lang.ThreadLocal.setInitialValue(ThreadLocal.java:195)
at java.base/java.lang.ThreadLocal.get(ThreadLocal.java:172)
at io.cucumber.core.runtime.ThreadLocalRunnerSupplier.get(ThreadLocalRunnerSupplier.java:43)
at io.cucumber.core.runtime.CucumberExecutionContext.getRunner(CucumberExecutionContext.java:128)
at io.cucumber.core.runtime.CucumberExecutionContext.runTestCase(CucumberExecutionContext.java:115)
at io.cucumber.testng.TestNGCucumberRunner.runScenario(TestNGCucumberRunner.java:131)
at io.cucumber.testng.AbstractTestNGCucumberTests.runScenario(AbstractTestNGCucumberTests.java:31)
at java.base/jdk.internal.reflect.NativeMethodAccessorImpl.invoke0(Native Method)
at java.base/jdk.internal.reflect.NativeMethodAccessorImpl.invoke(NativeMethodAccessorImpl.java:77)
at java.base/jdk.internal.reflect.DelegatingMethodAccessorImpl.invoke(DelegatingMethodAccessorImpl.java:43)
at java.base/java.lang.reflect.Method.invoke(Method.java:568)
at org.testng.internal.MethodInvocationHelper.invokeMethod(MethodInvocationHelper.java:133)
at org.testng.internal.TestInvoker.invokeMethod(TestInvoker.java:598)
at org.testng.internal.TestInvoker.invokeTestMethod(TestInvoker.java:173)
at org.testng.internal.MethodRunner.runInSequence(MethodRunner.java:46)
at org.testng.internal.TestInvoker$MethodInvocationAgent.invoke(TestInvoker.java:824)
at org.testng.internal.TestInvoker.invokeTestMethods(TestInvoker.java:146)
at org.testng.internal.TestMethodWorker.invokeTestMethods(TestMethodWorker.java:146)
at org.testng.internal.TestMethodWorker.run(TestMethodWorker.java:128)
at java.base/java.util.ArrayList.forEach(ArrayList.java:1511)
at org.testng.TestRunner.privateRun(TestRunner.java:794)
at org.testng.TestRunner.run(TestRunner.java:596)
at org.testng.SuiteRunner.runTest(SuiteRunner.java:377)
at org.testng.SuiteRunner.runSequentially(SuiteRunner.java:371)
at org.testng.SuiteRunner.privateRun(SuiteRunner.java:332)
at org.testng.SuiteRunner.run(SuiteRunner.java:276)
at org.testng.SuiteRunnerWorker.runSuite(SuiteRunnerWorker.java:53)
at org.testng.SuiteRunnerWorker.run(SuiteRunnerWorker.java:96)
at org.testng.TestNG.runSuitesSequentially(TestNG.java:1212)
at org.testng.TestNG.runSuitesLocally(TestNG.java:1134)
at org.testng.TestNG.runSuites(TestNG.java:1063)
at org.testng.TestNG.run(TestNG.java:1031)
at org.testng.remote.AbstractRemoteTestNG.run(AbstractRemoteTestNG.java:115)
at org.testng.remote.RemoteTestNG.initAndRun(RemoteTestNG.java:251)
at org.testng.remote.RemoteTestNG.main(RemoteTestNG.java:77)
]]>
    </error>
  </testcase> <!-- runScenario -->
  <system-out/>
  <testcase classname="runner.CucumberRunnerTests" name="runScenario" time="0.009">
    <error message="A method annotated with Before, After, BeforeStep or AfterStep must have one of these signatures:
 * public void before_or_after(io.cucumber.java.Scenario scenario)
 * public void before_or_after()
at definitions.Hooks.setUp(java.lang.String)

" type="io.cucumber.java.InvalidMethodSignatureException">
      <![CDATA[io.cucumber.java.InvalidMethodSignatureException: A method annotated with Before, After, BeforeStep or AfterStep must have one of these signatures:
 * public void before_or_after(io.cucumber.java.Scenario scenario)
 * public void before_or_after()
at definitions.Hooks.setUp(java.lang.String)


at io.cucumber.java.InvalidMethodSignatureException$InvalidMethodSignatureExceptionBuilder.build(InvalidMethodSignatureException.java:52)
at io.cucumber.java.JavaHookDefinition.createInvalidSignatureException(JavaHookDefinition.java:47)
at io.cucumber.java.JavaHookDefinition.requireValidMethod(JavaHookDefinition.java:32)
at io.cucumber.java.JavaHookDefinition.<init>(JavaHookDefinition.java:18)
at io.cucumber.java.GlueAdaptor.addDefinition(GlueAdaptor.java:27)
at io.cucumber.java.JavaBackend.lambda$loadGlue$1(JavaBackend.java:42)
at io.cucumber.java.MethodScanner.scan(MethodScanner.java:65)
at io.cucumber.java.MethodScanner.scan(MethodScanner.java:56)
at io.cucumber.java.MethodScanner.scan(MethodScanner.java:31)
at io.cucumber.java.JavaBackend.lambda$loadGlue$2(JavaBackend.java:40)
at java.base/java.util.stream.ForEachOps$ForEachOp$OfRef.accept(ForEachOps.java:183)
at java.base/java.util.ArrayList$ArrayListSpliterator.forEachRemaining(ArrayList.java:1625)
at java.base/java.util.stream.ReferencePipeline$Head.forEach(ReferencePipeline.java:762)
at java.base/java.util.stream.ReferencePipeline$7$1.accept(ReferencePipeline.java:276)
at java.base/java.util.stream.ReferencePipeline$3$1.accept(ReferencePipeline.java:197)
at java.base/java.util.stream.ReferencePipeline$3$1.accept(ReferencePipeline.java:197)
at java.base/java.util.stream.ReferencePipeline$2$1.accept(ReferencePipeline.java:179)
at java.base/java.util.ArrayList$ArrayListSpliterator.forEachRemaining(ArrayList.java:1625)
at java.base/java.util.stream.AbstractPipeline.copyInto(AbstractPipeline.java:509)
at java.base/java.util.stream.AbstractPipeline.wrapAndCopyInto(AbstractPipeline.java:499)
at java.base/java.util.stream.ForEachOps$ForEachOp.evaluateSequential(ForEachOps.java:150)
at java.base/java.util.stream.ForEachOps$ForEachOp$OfRef.evaluateSequential(ForEachOps.java:173)
at java.base/java.util.stream.AbstractPipeline.evaluate(AbstractPipeline.java:234)
at java.base/java.util.stream.ReferencePipeline.forEach(ReferencePipeline.java:596)
at io.cucumber.java.JavaBackend.loadGlue(JavaBackend.java:40)
at io.cucumber.core.runner.Runner.<init>(Runner.java:54)
at io.cucumber.core.runtime.ThreadLocalRunnerSupplier.createRunner(ThreadLocalRunnerSupplier.java:51)
at java.base/java.lang.ThreadLocal$SuppliedThreadLocal.initialValue(ThreadLocal.java:305)
at java.base/java.lang.ThreadLocal.setInitialValue(ThreadLocal.java:195)
at java.base/java.lang.ThreadLocal.get(ThreadLocal.java:172)
at io.cucumber.core.runtime.ThreadLocalRunnerSupplier.get(ThreadLocalRunnerSupplier.java:43)
at io.cucumber.core.runtime.CucumberExecutionContext.getRunner(CucumberExecutionContext.java:128)
at io.cucumber.core.runtime.CucumberExecutionContext.runTestCase(CucumberExecutionContext.java:115)
at io.cucumber.testng.TestNGCucumberRunner.runScenario(TestNGCucumberRunner.java:131)
at io.cucumber.testng.AbstractTestNGCucumberTests.runScenario(AbstractTestNGCucumberTests.java:31)
at java.base/jdk.internal.reflect.NativeMethodAccessorImpl.invoke0(Native Method)
at java.base/jdk.internal.reflect.NativeMethodAccessorImpl.invoke(NativeMethodAccessorImpl.java:77)
at java.base/jdk.internal.reflect.DelegatingMethodAccessorImpl.invoke(DelegatingMethodAccessorImpl.java:43)
at java.base/java.lang.reflect.Method.invoke(Method.java:568)
at org.testng.internal.MethodInvocationHelper.invokeMethod(MethodInvocationHelper.java:133)
at org.testng.internal.TestInvoker.invokeMethod(TestInvoker.java:598)
at org.testng.internal.TestInvoker.invokeTestMethod(TestInvoker.java:173)
at org.testng.internal.MethodRunner.runInSequence(MethodRunner.java:46)
at org.testng.internal.TestInvoker$MethodInvocationAgent.invoke(TestInvoker.java:824)
at org.testng.internal.TestInvoker.invokeTestMethods(TestInvoker.java:146)
at org.testng.internal.TestMethodWorker.invokeTestMethods(TestMethodWorker.java:146)
at org.testng.internal.TestMethodWorker.run(TestMethodWorker.java:128)
at java.base/java.util.ArrayList.forEach(ArrayList.java:1511)
at org.testng.TestRunner.privateRun(TestRunner.java:794)
at org.testng.TestRunner.run(TestRunner.java:596)
at org.testng.SuiteRunner.runTest(SuiteRunner.java:377)
at org.testng.SuiteRunner.runSequentially(SuiteRunner.java:371)
at org.testng.SuiteRunner.privateRun(SuiteRunner.java:332)
at org.testng.SuiteRunner.run(SuiteRunner.java:276)
at org.testng.SuiteRunnerWorker.runSuite(SuiteRunnerWorker.java:53)
at org.testng.SuiteRunnerWorker.run(SuiteRunnerWorker.java:96)
at org.testng.TestNG.runSuitesSequentially(TestNG.java:1212)
at org.testng.TestNG.runSuitesLocally(TestNG.java:1134)
at org.testng.TestNG.runSuites(TestNG.java:1063)
at org.testng.TestNG.run(TestNG.java:1031)
at org.testng.remote.AbstractRemoteTestNG.run(AbstractRemoteTestNG.java:115)
at org.testng.remote.RemoteTestNG.initAndRun(RemoteTestNG.java:251)
at org.testng.remote.RemoteTestNG.main(RemoteTestNG.java:77)
]]>
    </error>
  </testcase> <!-- runScenario -->
  <system-out/>
  <testcase classname="runner.CucumberRunnerTests" name="runScenario" time="0.011">
    <error message="A method annotated with Before, After, BeforeStep or AfterStep must have one of these signatures:
 * public void before_or_after(io.cucumber.java.Scenario scenario)
 * public void before_or_after()
at definitions.Hooks.setUp(java.lang.String)

" type="io.cucumber.java.InvalidMethodSignatureException">
      <![CDATA[io.cucumber.java.InvalidMethodSignatureException: A method annotated with Before, After, BeforeStep or AfterStep must have one of these signatures:
 * public void before_or_after(io.cucumber.java.Scenario scenario)
 * public void before_or_after()
at definitions.Hooks.setUp(java.lang.String)


at io.cucumber.java.InvalidMethodSignatureException$InvalidMethodSignatureExceptionBuilder.build(InvalidMethodSignatureException.java:52)
at io.cucumber.java.JavaHookDefinition.createInvalidSignatureException(JavaHookDefinition.java:47)
at io.cucumber.java.JavaHookDefinition.requireValidMethod(JavaHookDefinition.java:32)
at io.cucumber.java.JavaHookDefinition.<init>(JavaHookDefinition.java:18)
at io.cucumber.java.GlueAdaptor.addDefinition(GlueAdaptor.java:27)
at io.cucumber.java.JavaBackend.lambda$loadGlue$1(JavaBackend.java:42)
at io.cucumber.java.MethodScanner.scan(MethodScanner.java:65)
at io.cucumber.java.MethodScanner.scan(MethodScanner.java:56)
at io.cucumber.java.MethodScanner.scan(MethodScanner.java:31)
at io.cucumber.java.JavaBackend.lambda$loadGlue$2(JavaBackend.java:40)
at java.base/java.util.stream.ForEachOps$ForEachOp$OfRef.accept(ForEachOps.java:183)
at java.base/java.util.ArrayList$ArrayListSpliterator.forEachRemaining(ArrayList.java:1625)
at java.base/java.util.stream.ReferencePipeline$Head.forEach(ReferencePipeline.java:762)
at java.base/java.util.stream.ReferencePipeline$7$1.accept(ReferencePipeline.java:276)
at java.base/java.util.stream.ReferencePipeline$3$1.accept(ReferencePipeline.java:197)
at java.base/java.util.stream.ReferencePipeline$3$1.accept(ReferencePipeline.java:197)
at java.base/java.util.stream.ReferencePipeline$2$1.accept(ReferencePipeline.java:179)
at java.base/java.util.ArrayList$ArrayListSpliterator.forEachRemaining(ArrayList.java:1625)
at java.base/java.util.stream.AbstractPipeline.copyInto(AbstractPipeline.java:509)
at java.base/java.util.stream.AbstractPipeline.wrapAndCopyInto(AbstractPipeline.java:499)
at java.base/java.util.stream.ForEachOps$ForEachOp.evaluateSequential(ForEachOps.java:150)
at java.base/java.util.stream.ForEachOps$ForEachOp$OfRef.evaluateSequential(ForEachOps.java:173)
at java.base/java.util.stream.AbstractPipeline.evaluate(AbstractPipeline.java:234)
at java.base/java.util.stream.ReferencePipeline.forEach(ReferencePipeline.java:596)
at io.cucumber.java.JavaBackend.loadGlue(JavaBackend.java:40)
at io.cucumber.core.runner.Runner.<init>(Runner.java:54)
at io.cucumber.core.runtime.ThreadLocalRunnerSupplier.createRunner(ThreadLocalRunnerSupplier.java:51)
at java.base/java.lang.ThreadLocal$SuppliedThreadLocal.initialValue(ThreadLocal.java:305)
at java.base/java.lang.ThreadLocal.setInitialValue(ThreadLocal.java:195)
at java.base/java.lang.ThreadLocal.get(ThreadLocal.java:172)
at io.cucumber.core.runtime.ThreadLocalRunnerSupplier.get(ThreadLocalRunnerSupplier.java:43)
at io.cucumber.core.runtime.CucumberExecutionContext.getRunner(CucumberExecutionContext.java:128)
at io.cucumber.core.runtime.CucumberExecutionContext.runTestCase(CucumberExecutionContext.java:115)
at io.cucumber.testng.TestNGCucumberRunner.runScenario(TestNGCucumberRunner.java:131)
at io.cucumber.testng.AbstractTestNGCucumberTests.runScenario(AbstractTestNGCucumberTests.java:31)
at java.base/jdk.internal.reflect.NativeMethodAccessorImpl.invoke0(Native Method)
at java.base/jdk.internal.reflect.NativeMethodAccessorImpl.invoke(NativeMethodAccessorImpl.java:77)
at java.base/jdk.internal.reflect.DelegatingMethodAccessorImpl.invoke(DelegatingMethodAccessorImpl.java:43)
at java.base/java.lang.reflect.Method.invoke(Method.java:568)
at org.testng.internal.MethodInvocationHelper.invokeMethod(MethodInvocationHelper.java:133)
at org.testng.internal.TestInvoker.invokeMethod(TestInvoker.java:598)
at org.testng.internal.TestInvoker.invokeTestMethod(TestInvoker.java:173)
at org.testng.internal.MethodRunner.runInSequence(MethodRunner.java:46)
at org.testng.internal.TestInvoker$MethodInvocationAgent.invoke(TestInvoker.java:824)
at org.testng.internal.TestInvoker.invokeTestMethods(TestInvoker.java:146)
at org.testng.internal.TestMethodWorker.invokeTestMethods(TestMethodWorker.java:146)
at org.testng.internal.TestMethodWorker.run(TestMethodWorker.java:128)
at java.base/java.util.ArrayList.forEach(ArrayList.java:1511)
at org.testng.TestRunner.privateRun(TestRunner.java:794)
at org.testng.TestRunner.run(TestRunner.java:596)
at org.testng.SuiteRunner.runTest(SuiteRunner.java:377)
at org.testng.SuiteRunner.runSequentially(SuiteRunner.java:371)
at org.testng.SuiteRunner.privateRun(SuiteRunner.java:332)
at org.testng.SuiteRunner.run(SuiteRunner.java:276)
at org.testng.SuiteRunnerWorker.runSuite(SuiteRunnerWorker.java:53)
at org.testng.SuiteRunnerWorker.run(SuiteRunnerWorker.java:96)
at org.testng.TestNG.runSuitesSequentially(TestNG.java:1212)
at org.testng.TestNG.runSuitesLocally(TestNG.java:1134)
at org.testng.TestNG.runSuites(TestNG.java:1063)
at org.testng.TestNG.run(TestNG.java:1031)
at org.testng.remote.AbstractRemoteTestNG.run(AbstractRemoteTestNG.java:115)
at org.testng.remote.RemoteTestNG.initAndRun(RemoteTestNG.java:251)
at org.testng.remote.RemoteTestNG.main(RemoteTestNG.java:77)
]]>
    </error>
  </testcase> <!-- runScenario -->
  <system-out/>
  <testcase classname="runner.CucumberRunnerTests" name="runScenario" time="0.015">
    <error message="A method annotated with Before, After, BeforeStep or AfterStep must have one of these signatures:
 * public void before_or_after(io.cucumber.java.Scenario scenario)
 * public void before_or_after()
at definitions.Hooks.setUp(java.lang.String)

" type="io.cucumber.java.InvalidMethodSignatureException">
      <![CDATA[io.cucumber.java.InvalidMethodSignatureException: A method annotated with Before, After, BeforeStep or AfterStep must have one of these signatures:
 * public void before_or_after(io.cucumber.java.Scenario scenario)
 * public void before_or_after()
at definitions.Hooks.setUp(java.lang.String)


at io.cucumber.java.InvalidMethodSignatureException$InvalidMethodSignatureExceptionBuilder.build(InvalidMethodSignatureException.java:52)
at io.cucumber.java.JavaHookDefinition.createInvalidSignatureException(JavaHookDefinition.java:47)
at io.cucumber.java.JavaHookDefinition.requireValidMethod(JavaHookDefinition.java:32)
at io.cucumber.java.JavaHookDefinition.<init>(JavaHookDefinition.java:18)
at io.cucumber.java.GlueAdaptor.addDefinition(GlueAdaptor.java:27)
at io.cucumber.java.JavaBackend.lambda$loadGlue$1(JavaBackend.java:42)
at io.cucumber.java.MethodScanner.scan(MethodScanner.java:65)
at io.cucumber.java.MethodScanner.scan(MethodScanner.java:56)
at io.cucumber.java.MethodScanner.scan(MethodScanner.java:31)
at io.cucumber.java.JavaBackend.lambda$loadGlue$2(JavaBackend.java:40)
at java.base/java.util.stream.ForEachOps$ForEachOp$OfRef.accept(ForEachOps.java:183)
at java.base/java.util.ArrayList$ArrayListSpliterator.forEachRemaining(ArrayList.java:1625)
at java.base/java.util.stream.ReferencePipeline$Head.forEach(ReferencePipeline.java:762)
at java.base/java.util.stream.ReferencePipeline$7$1.accept(ReferencePipeline.java:276)
at java.base/java.util.stream.ReferencePipeline$3$1.accept(ReferencePipeline.java:197)
at java.base/java.util.stream.ReferencePipeline$3$1.accept(ReferencePipeline.java:197)
at java.base/java.util.stream.ReferencePipeline$2$1.accept(ReferencePipeline.java:179)
at java.base/java.util.ArrayList$ArrayListSpliterator.forEachRemaining(ArrayList.java:1625)
at java.base/java.util.stream.AbstractPipeline.copyInto(AbstractPipeline.java:509)
at java.base/java.util.stream.AbstractPipeline.wrapAndCopyInto(AbstractPipeline.java:499)
at java.base/java.util.stream.ForEachOps$ForEachOp.evaluateSequential(ForEachOps.java:150)
at java.base/java.util.stream.ForEachOps$ForEachOp$OfRef.evaluateSequential(ForEachOps.java:173)
at java.base/java.util.stream.AbstractPipeline.evaluate(AbstractPipeline.java:234)
at java.base/java.util.stream.ReferencePipeline.forEach(ReferencePipeline.java:596)
at io.cucumber.java.JavaBackend.loadGlue(JavaBackend.java:40)
at io.cucumber.core.runner.Runner.<init>(Runner.java:54)
at io.cucumber.core.runtime.ThreadLocalRunnerSupplier.createRunner(ThreadLocalRunnerSupplier.java:51)
at java.base/java.lang.ThreadLocal$SuppliedThreadLocal.initialValue(ThreadLocal.java:305)
at java.base/java.lang.ThreadLocal.setInitialValue(ThreadLocal.java:195)
at java.base/java.lang.ThreadLocal.get(ThreadLocal.java:172)
at io.cucumber.core.runtime.ThreadLocalRunnerSupplier.get(ThreadLocalRunnerSupplier.java:43)
at io.cucumber.core.runtime.CucumberExecutionContext.getRunner(CucumberExecutionContext.java:128)
at io.cucumber.core.runtime.CucumberExecutionContext.runTestCase(CucumberExecutionContext.java:115)
at io.cucumber.testng.TestNGCucumberRunner.runScenario(TestNGCucumberRunner.java:131)
at io.cucumber.testng.AbstractTestNGCucumberTests.runScenario(AbstractTestNGCucumberTests.java:31)
at java.base/jdk.internal.reflect.NativeMethodAccessorImpl.invoke0(Native Method)
at java.base/jdk.internal.reflect.NativeMethodAccessorImpl.invoke(NativeMethodAccessorImpl.java:77)
at java.base/jdk.internal.reflect.DelegatingMethodAccessorImpl.invoke(DelegatingMethodAccessorImpl.java:43)
at java.base/java.lang.reflect.Method.invoke(Method.java:568)
at org.testng.internal.MethodInvocationHelper.invokeMethod(MethodInvocationHelper.java:133)
at org.testng.internal.TestInvoker.invokeMethod(TestInvoker.java:598)
at org.testng.internal.TestInvoker.invokeTestMethod(TestInvoker.java:173)
at org.testng.internal.MethodRunner.runInSequence(MethodRunner.java:46)
at org.testng.internal.TestInvoker$MethodInvocationAgent.invoke(TestInvoker.java:824)
at org.testng.internal.TestInvoker.invokeTestMethods(TestInvoker.java:146)
at org.testng.internal.TestMethodWorker.invokeTestMethods(TestMethodWorker.java:146)
at org.testng.internal.TestMethodWorker.run(TestMethodWorker.java:128)
at java.base/java.util.ArrayList.forEach(ArrayList.java:1511)
at org.testng.TestRunner.privateRun(TestRunner.java:794)
at org.testng.TestRunner.run(TestRunner.java:596)
at org.testng.SuiteRunner.runTest(SuiteRunner.java:377)
at org.testng.SuiteRunner.runSequentially(SuiteRunner.java:371)
at org.testng.SuiteRunner.privateRun(SuiteRunner.java:332)
at org.testng.SuiteRunner.run(SuiteRunner.java:276)
at org.testng.SuiteRunnerWorker.runSuite(SuiteRunnerWorker.java:53)
at org.testng.SuiteRunnerWorker.run(SuiteRunnerWorker.java:96)
at org.testng.TestNG.runSuitesSequentially(TestNG.java:1212)
at org.testng.TestNG.runSuitesLocally(TestNG.java:1134)
at org.testng.TestNG.runSuites(TestNG.java:1063)
at org.testng.TestNG.run(TestNG.java:1031)
at org.testng.remote.AbstractRemoteTestNG.run(AbstractRemoteTestNG.java:115)
at org.testng.remote.RemoteTestNG.initAndRun(RemoteTestNG.java:251)
at org.testng.remote.RemoteTestNG.main(RemoteTestNG.java:77)
]]>
    </error>
  </testcase> <!-- runScenario -->
  <system-out/>
  <testcase classname="runner.CucumberRunnerTests" name="runScenario" time="0.067">
    <error message="A method annotated with Before, After, BeforeStep or AfterStep must have one of these signatures:
 * public void before_or_after(io.cucumber.java.Scenario scenario)
 * public void before_or_after()
at definitions.Hooks.setUp(java.lang.String)

" type="io.cucumber.java.InvalidMethodSignatureException">
      <![CDATA[io.cucumber.java.InvalidMethodSignatureException: A method annotated with Before, After, BeforeStep or AfterStep must have one of these signatures:
 * public void before_or_after(io.cucumber.java.Scenario scenario)
 * public void before_or_after()
at definitions.Hooks.setUp(java.lang.String)


at io.cucumber.java.InvalidMethodSignatureException$InvalidMethodSignatureExceptionBuilder.build(InvalidMethodSignatureException.java:52)
at io.cucumber.java.JavaHookDefinition.createInvalidSignatureException(JavaHookDefinition.java:47)
at io.cucumber.java.JavaHookDefinition.requireValidMethod(JavaHookDefinition.java:32)
at io.cucumber.java.JavaHookDefinition.<init>(JavaHookDefinition.java:18)
at io.cucumber.java.GlueAdaptor.addDefinition(GlueAdaptor.java:27)
at io.cucumber.java.JavaBackend.lambda$loadGlue$1(JavaBackend.java:42)
at io.cucumber.java.MethodScanner.scan(MethodScanner.java:65)
at io.cucumber.java.MethodScanner.scan(MethodScanner.java:56)
at io.cucumber.java.MethodScanner.scan(MethodScanner.java:31)
at io.cucumber.java.JavaBackend.lambda$loadGlue$2(JavaBackend.java:40)
at java.base/java.util.stream.ForEachOps$ForEachOp$OfRef.accept(ForEachOps.java:183)
at java.base/java.util.ArrayList$ArrayListSpliterator.forEachRemaining(ArrayList.java:1625)
at java.base/java.util.stream.ReferencePipeline$Head.forEach(ReferencePipeline.java:762)
at java.base/java.util.stream.ReferencePipeline$7$1.accept(ReferencePipeline.java:276)
at java.base/java.util.stream.ReferencePipeline$3$1.accept(ReferencePipeline.java:197)
at java.base/java.util.stream.ReferencePipeline$3$1.accept(ReferencePipeline.java:197)
at java.base/java.util.stream.ReferencePipeline$2$1.accept(ReferencePipeline.java:179)
at java.base/java.util.ArrayList$ArrayListSpliterator.forEachRemaining(ArrayList.java:1625)
at java.base/java.util.stream.AbstractPipeline.copyInto(AbstractPipeline.java:509)
at java.base/java.util.stream.AbstractPipeline.wrapAndCopyInto(AbstractPipeline.java:499)
at java.base/java.util.stream.ForEachOps$ForEachOp.evaluateSequential(ForEachOps.java:150)
at java.base/java.util.stream.ForEachOps$ForEachOp$OfRef.evaluateSequential(ForEachOps.java:173)
at java.base/java.util.stream.AbstractPipeline.evaluate(AbstractPipeline.java:234)
at java.base/java.util.stream.ReferencePipeline.forEach(ReferencePipeline.java:596)
at io.cucumber.java.JavaBackend.loadGlue(JavaBackend.java:40)
at io.cucumber.core.runner.Runner.<init>(Runner.java:54)
at io.cucumber.core.runtime.ThreadLocalRunnerSupplier.createRunner(ThreadLocalRunnerSupplier.java:51)
at java.base/java.lang.ThreadLocal$SuppliedThreadLocal.initialValue(ThreadLocal.java:305)
at java.base/java.lang.ThreadLocal.setInitialValue(ThreadLocal.java:195)
at java.base/java.lang.ThreadLocal.get(ThreadLocal.java:172)
at io.cucumber.core.runtime.ThreadLocalRunnerSupplier.get(ThreadLocalRunnerSupplier.java:43)
at io.cucumber.core.runtime.CucumberExecutionContext.getRunner(CucumberExecutionContext.java:128)
at io.cucumber.core.runtime.CucumberExecutionContext.runTestCase(CucumberExecutionContext.java:115)
at io.cucumber.testng.TestNGCucumberRunner.runScenario(TestNGCucumberRunner.java:131)
at io.cucumber.testng.AbstractTestNGCucumberTests.runScenario(AbstractTestNGCucumberTests.java:31)
at java.base/jdk.internal.reflect.NativeMethodAccessorImpl.invoke0(Native Method)
at java.base/jdk.internal.reflect.NativeMethodAccessorImpl.invoke(NativeMethodAccessorImpl.java:77)
at java.base/jdk.internal.reflect.DelegatingMethodAccessorImpl.invoke(DelegatingMethodAccessorImpl.java:43)
at java.base/java.lang.reflect.Method.invoke(Method.java:568)
at org.testng.internal.MethodInvocationHelper.invokeMethod(MethodInvocationHelper.java:133)
at org.testng.internal.TestInvoker.invokeMethod(TestInvoker.java:598)
at org.testng.internal.TestInvoker.invokeTestMethod(TestInvoker.java:173)
at org.testng.internal.MethodRunner.runInSequence(MethodRunner.java:46)
at org.testng.internal.TestInvoker$MethodInvocationAgent.invoke(TestInvoker.java:824)
at org.testng.internal.TestInvoker.invokeTestMethods(TestInvoker.java:146)
at org.testng.internal.TestMethodWorker.invokeTestMethods(TestMethodWorker.java:146)
at org.testng.internal.TestMethodWorker.run(TestMethodWorker.java:128)
at java.base/java.util.ArrayList.forEach(ArrayList.java:1511)
at org.testng.TestRunner.privateRun(TestRunner.java:794)
at org.testng.TestRunner.run(TestRunner.java:596)
at org.testng.SuiteRunner.runTest(SuiteRunner.java:377)
at org.testng.SuiteRunner.runSequentially(SuiteRunner.java:371)
at org.testng.SuiteRunner.privateRun(SuiteRunner.java:332)
at org.testng.SuiteRunner.run(SuiteRunner.java:276)
at org.testng.SuiteRunnerWorker.runSuite(SuiteRunnerWorker.java:53)
at org.testng.SuiteRunnerWorker.run(SuiteRunnerWorker.java:96)
at org.testng.TestNG.runSuitesSequentially(TestNG.java:1212)
at org.testng.TestNG.runSuitesLocally(TestNG.java:1134)
at org.testng.TestNG.runSuites(TestNG.java:1063)
at org.testng.TestNG.run(TestNG.java:1031)
at org.testng.remote.AbstractRemoteTestNG.run(AbstractRemoteTestNG.java:115)
at org.testng.remote.RemoteTestNG.initAndRun(RemoteTestNG.java:251)
at org.testng.remote.RemoteTestNG.main(RemoteTestNG.java:77)
]]>
    </error>
  </testcase> <!-- runScenario -->
  <system-out/>
  <testcase classname="runner.CucumberRunnerTests" name="runScenario" time="0.007">
    <error message="A method annotated with Before, After, BeforeStep or AfterStep must have one of these signatures:
 * public void before_or_after(io.cucumber.java.Scenario scenario)
 * public void before_or_after()
at definitions.Hooks.setUp(java.lang.String)

" type="io.cucumber.java.InvalidMethodSignatureException">
      <![CDATA[io.cucumber.java.InvalidMethodSignatureException: A method annotated with Before, After, BeforeStep or AfterStep must have one of these signatures:
 * public void before_or_after(io.cucumber.java.Scenario scenario)
 * public void before_or_after()
at definitions.Hooks.setUp(java.lang.String)


at io.cucumber.java.InvalidMethodSignatureException$InvalidMethodSignatureExceptionBuilder.build(InvalidMethodSignatureException.java:52)
at io.cucumber.java.JavaHookDefinition.createInvalidSignatureException(JavaHookDefinition.java:47)
at io.cucumber.java.JavaHookDefinition.requireValidMethod(JavaHookDefinition.java:32)
at io.cucumber.java.JavaHookDefinition.<init>(JavaHookDefinition.java:18)
at io.cucumber.java.GlueAdaptor.addDefinition(GlueAdaptor.java:27)
at io.cucumber.java.JavaBackend.lambda$loadGlue$1(JavaBackend.java:42)
at io.cucumber.java.MethodScanner.scan(MethodScanner.java:65)
at io.cucumber.java.MethodScanner.scan(MethodScanner.java:56)
at io.cucumber.java.MethodScanner.scan(MethodScanner.java:31)
at io.cucumber.java.JavaBackend.lambda$loadGlue$2(JavaBackend.java:40)
at java.base/java.util.stream.ForEachOps$ForEachOp$OfRef.accept(ForEachOps.java:183)
at java.base/java.util.ArrayList$ArrayListSpliterator.forEachRemaining(ArrayList.java:1625)
at java.base/java.util.stream.ReferencePipeline$Head.forEach(ReferencePipeline.java:762)
at java.base/java.util.stream.ReferencePipeline$7$1.accept(ReferencePipeline.java:276)
at java.base/java.util.stream.ReferencePipeline$3$1.accept(ReferencePipeline.java:197)
at java.base/java.util.stream.ReferencePipeline$3$1.accept(ReferencePipeline.java:197)
at java.base/java.util.stream.ReferencePipeline$2$1.accept(ReferencePipeline.java:179)
at java.base/java.util.ArrayList$ArrayListSpliterator.forEachRemaining(ArrayList.java:1625)
at java.base/java.util.stream.AbstractPipeline.copyInto(AbstractPipeline.java:509)
at java.base/java.util.stream.AbstractPipeline.wrapAndCopyInto(AbstractPipeline.java:499)
at java.base/java.util.stream.ForEachOps$ForEachOp.evaluateSequential(ForEachOps.java:150)
at java.base/java.util.stream.ForEachOps$ForEachOp$OfRef.evaluateSequential(ForEachOps.java:173)
at java.base/java.util.stream.AbstractPipeline.evaluate(AbstractPipeline.java:234)
at java.base/java.util.stream.ReferencePipeline.forEach(ReferencePipeline.java:596)
at io.cucumber.java.JavaBackend.loadGlue(JavaBackend.java:40)
at io.cucumber.core.runner.Runner.<init>(Runner.java:54)
at io.cucumber.core.runtime.ThreadLocalRunnerSupplier.createRunner(ThreadLocalRunnerSupplier.java:51)
at java.base/java.lang.ThreadLocal$SuppliedThreadLocal.initialValue(ThreadLocal.java:305)
at java.base/java.lang.ThreadLocal.setInitialValue(ThreadLocal.java:195)
at java.base/java.lang.ThreadLocal.get(ThreadLocal.java:172)
at io.cucumber.core.runtime.ThreadLocalRunnerSupplier.get(ThreadLocalRunnerSupplier.java:43)
at io.cucumber.core.runtime.CucumberExecutionContext.getRunner(CucumberExecutionContext.java:128)
at io.cucumber.core.runtime.CucumberExecutionContext.runTestCase(CucumberExecutionContext.java:115)
at io.cucumber.testng.TestNGCucumberRunner.runScenario(TestNGCucumberRunner.java:131)
at io.cucumber.testng.AbstractTestNGCucumberTests.runScenario(AbstractTestNGCucumberTests.java:31)
at java.base/jdk.internal.reflect.NativeMethodAccessorImpl.invoke0(Native Method)
at java.base/jdk.internal.reflect.NativeMethodAccessorImpl.invoke(NativeMethodAccessorImpl.java:77)
at java.base/jdk.internal.reflect.DelegatingMethodAccessorImpl.invoke(DelegatingMethodAccessorImpl.java:43)
at java.base/java.lang.reflect.Method.invoke(Method.java:568)
at org.testng.internal.MethodInvocationHelper.invokeMethod(MethodInvocationHelper.java:133)
at org.testng.internal.TestInvoker.invokeMethod(TestInvoker.java:598)
at org.testng.internal.TestInvoker.invokeTestMethod(TestInvoker.java:173)
at org.testng.internal.MethodRunner.runInSequence(MethodRunner.java:46)
at org.testng.internal.TestInvoker$MethodInvocationAgent.invoke(TestInvoker.java:824)
at org.testng.internal.TestInvoker.invokeTestMethods(TestInvoker.java:146)
at org.testng.internal.TestMethodWorker.invokeTestMethods(TestMethodWorker.java:146)
at org.testng.internal.TestMethodWorker.run(TestMethodWorker.java:128)
at java.base/java.util.ArrayList.forEach(ArrayList.java:1511)
at org.testng.TestRunner.privateRun(TestRunner.java:794)
at org.testng.TestRunner.run(TestRunner.java:596)
at org.testng.SuiteRunner.runTest(SuiteRunner.java:377)
at org.testng.SuiteRunner.runSequentially(SuiteRunner.java:371)
at org.testng.SuiteRunner.privateRun(SuiteRunner.java:332)
at org.testng.SuiteRunner.run(SuiteRunner.java:276)
at org.testng.SuiteRunnerWorker.runSuite(SuiteRunnerWorker.java:53)
at org.testng.SuiteRunnerWorker.run(SuiteRunnerWorker.java:96)
at org.testng.TestNG.runSuitesSequentially(TestNG.java:1212)
at org.testng.TestNG.runSuitesLocally(TestNG.java:1134)
at org.testng.TestNG.runSuites(TestNG.java:1063)
at org.testng.TestNG.run(TestNG.java:1031)
at org.testng.remote.AbstractRemoteTestNG.run(AbstractRemoteTestNG.java:115)
at org.testng.remote.RemoteTestNG.initAndRun(RemoteTestNG.java:251)
at org.testng.remote.RemoteTestNG.main(RemoteTestNG.java:77)
]]>
    </error>
  </testcase> <!-- runScenario -->
  <system-out/>
  <testcase classname="runner.CucumberRunnerTests" name="runScenario" time="0.010">
    <error message="A method annotated with Before, After, BeforeStep or AfterStep must have one of these signatures:
 * public void before_or_after(io.cucumber.java.Scenario scenario)
 * public void before_or_after()
at definitions.Hooks.setUp(java.lang.String)

" type="io.cucumber.java.InvalidMethodSignatureException">
      <![CDATA[io.cucumber.java.InvalidMethodSignatureException: A method annotated with Before, After, BeforeStep or AfterStep must have one of these signatures:
 * public void before_or_after(io.cucumber.java.Scenario scenario)
 * public void before_or_after()
at definitions.Hooks.setUp(java.lang.String)


at io.cucumber.java.InvalidMethodSignatureException$InvalidMethodSignatureExceptionBuilder.build(InvalidMethodSignatureException.java:52)
at io.cucumber.java.JavaHookDefinition.createInvalidSignatureException(JavaHookDefinition.java:47)
at io.cucumber.java.JavaHookDefinition.requireValidMethod(JavaHookDefinition.java:32)
at io.cucumber.java.JavaHookDefinition.<init>(JavaHookDefinition.java:18)
at io.cucumber.java.GlueAdaptor.addDefinition(GlueAdaptor.java:27)
at io.cucumber.java.JavaBackend.lambda$loadGlue$1(JavaBackend.java:42)
at io.cucumber.java.MethodScanner.scan(MethodScanner.java:65)
at io.cucumber.java.MethodScanner.scan(MethodScanner.java:56)
at io.cucumber.java.MethodScanner.scan(MethodScanner.java:31)
at io.cucumber.java.JavaBackend.lambda$loadGlue$2(JavaBackend.java:40)
at java.base/java.util.stream.ForEachOps$ForEachOp$OfRef.accept(ForEachOps.java:183)
at java.base/java.util.ArrayList$ArrayListSpliterator.forEachRemaining(ArrayList.java:1625)
at java.base/java.util.stream.ReferencePipeline$Head.forEach(ReferencePipeline.java:762)
at java.base/java.util.stream.ReferencePipeline$7$1.accept(ReferencePipeline.java:276)
at java.base/java.util.stream.ReferencePipeline$3$1.accept(ReferencePipeline.java:197)
at java.base/java.util.stream.ReferencePipeline$3$1.accept(ReferencePipeline.java:197)
at java.base/java.util.stream.ReferencePipeline$2$1.accept(ReferencePipeline.java:179)
at java.base/java.util.ArrayList$ArrayListSpliterator.forEachRemaining(ArrayList.java:1625)
at java.base/java.util.stream.AbstractPipeline.copyInto(AbstractPipeline.java:509)
at java.base/java.util.stream.AbstractPipeline.wrapAndCopyInto(AbstractPipeline.java:499)
at java.base/java.util.stream.ForEachOps$ForEachOp.evaluateSequential(ForEachOps.java:150)
at java.base/java.util.stream.ForEachOps$ForEachOp$OfRef.evaluateSequential(ForEachOps.java:173)
at java.base/java.util.stream.AbstractPipeline.evaluate(AbstractPipeline.java:234)
at java.base/java.util.stream.ReferencePipeline.forEach(ReferencePipeline.java:596)
at io.cucumber.java.JavaBackend.loadGlue(JavaBackend.java:40)
at io.cucumber.core.runner.Runner.<init>(Runner.java:54)
at io.cucumber.core.runtime.ThreadLocalRunnerSupplier.createRunner(ThreadLocalRunnerSupplier.java:51)
at java.base/java.lang.ThreadLocal$SuppliedThreadLocal.initialValue(ThreadLocal.java:305)
at java.base/java.lang.ThreadLocal.setInitialValue(ThreadLocal.java:195)
at java.base/java.lang.ThreadLocal.get(ThreadLocal.java:172)
at io.cucumber.core.runtime.ThreadLocalRunnerSupplier.get(ThreadLocalRunnerSupplier.java:43)
at io.cucumber.core.runtime.CucumberExecutionContext.getRunner(CucumberExecutionContext.java:128)
at io.cucumber.core.runtime.CucumberExecutionContext.runTestCase(CucumberExecutionContext.java:115)
at io.cucumber.testng.TestNGCucumberRunner.runScenario(TestNGCucumberRunner.java:131)
at io.cucumber.testng.AbstractTestNGCucumberTests.runScenario(AbstractTestNGCucumberTests.java:31)
at java.base/jdk.internal.reflect.NativeMethodAccessorImpl.invoke0(Native Method)
at java.base/jdk.internal.reflect.NativeMethodAccessorImpl.invoke(NativeMethodAccessorImpl.java:77)
at java.base/jdk.internal.reflect.DelegatingMethodAccessorImpl.invoke(DelegatingMethodAccessorImpl.java:43)
at java.base/java.lang.reflect.Method.invoke(Method.java:568)
at org.testng.internal.MethodInvocationHelper.invokeMethod(MethodInvocationHelper.java:133)
at org.testng.internal.TestInvoker.invokeMethod(TestInvoker.java:598)
at org.testng.internal.TestInvoker.invokeTestMethod(TestInvoker.java:173)
at org.testng.internal.MethodRunner.runInSequence(MethodRunner.java:46)
at org.testng.internal.TestInvoker$MethodInvocationAgent.invoke(TestInvoker.java:824)
at org.testng.internal.TestInvoker.invokeTestMethods(TestInvoker.java:146)
at org.testng.internal.TestMethodWorker.invokeTestMethods(TestMethodWorker.java:146)
at org.testng.internal.TestMethodWorker.run(TestMethodWorker.java:128)
at java.base/java.util.ArrayList.forEach(ArrayList.java:1511)
at org.testng.TestRunner.privateRun(TestRunner.java:794)
at org.testng.TestRunner.run(TestRunner.java:596)
at org.testng.SuiteRunner.runTest(SuiteRunner.java:377)
at org.testng.SuiteRunner.runSequentially(SuiteRunner.java:371)
at org.testng.SuiteRunner.privateRun(SuiteRunner.java:332)
at org.testng.SuiteRunner.run(SuiteRunner.java:276)
at org.testng.SuiteRunnerWorker.runSuite(SuiteRunnerWorker.java:53)
at org.testng.SuiteRunnerWorker.run(SuiteRunnerWorker.java:96)
at org.testng.TestNG.runSuitesSequentially(TestNG.java:1212)
at org.testng.TestNG.runSuitesLocally(TestNG.java:1134)
at org.testng.TestNG.runSuites(TestNG.java:1063)
at org.testng.TestNG.run(TestNG.java:1031)
at org.testng.remote.AbstractRemoteTestNG.run(AbstractRemoteTestNG.java:115)
at org.testng.remote.RemoteTestNG.initAndRun(RemoteTestNG.java:251)
at org.testng.remote.RemoteTestNG.main(RemoteTestNG.java:77)
]]>
    </error>
  </testcase> <!-- runScenario -->
  <system-out/>
  <testcase classname="runner.CucumberRunnerTests" name="runScenario" time="0.013">
    <error message="A method annotated with Before, After, BeforeStep or AfterStep must have one of these signatures:
 * public void before_or_after(io.cucumber.java.Scenario scenario)
 * public void before_or_after()
at definitions.Hooks.setUp(java.lang.String)

" type="io.cucumber.java.InvalidMethodSignatureException">
      <![CDATA[io.cucumber.java.InvalidMethodSignatureException: A method annotated with Before, After, BeforeStep or AfterStep must have one of these signatures:
 * public void before_or_after(io.cucumber.java.Scenario scenario)
 * public void before_or_after()
at definitions.Hooks.setUp(java.lang.String)


at io.cucumber.java.InvalidMethodSignatureException$InvalidMethodSignatureExceptionBuilder.build(InvalidMethodSignatureException.java:52)
at io.cucumber.java.JavaHookDefinition.createInvalidSignatureException(JavaHookDefinition.java:47)
at io.cucumber.java.JavaHookDefinition.requireValidMethod(JavaHookDefinition.java:32)
at io.cucumber.java.JavaHookDefinition.<init>(JavaHookDefinition.java:18)
at io.cucumber.java.GlueAdaptor.addDefinition(GlueAdaptor.java:27)
at io.cucumber.java.JavaBackend.lambda$loadGlue$1(JavaBackend.java:42)
at io.cucumber.java.MethodScanner.scan(MethodScanner.java:65)
at io.cucumber.java.MethodScanner.scan(MethodScanner.java:56)
at io.cucumber.java.MethodScanner.scan(MethodScanner.java:31)
at io.cucumber.java.JavaBackend.lambda$loadGlue$2(JavaBackend.java:40)
at java.base/java.util.stream.ForEachOps$ForEachOp$OfRef.accept(ForEachOps.java:183)
at java.base/java.util.ArrayList$ArrayListSpliterator.forEachRemaining(ArrayList.java:1625)
at java.base/java.util.stream.ReferencePipeline$Head.forEach(ReferencePipeline.java:762)
at java.base/java.util.stream.ReferencePipeline$7$1.accept(ReferencePipeline.java:276)
at java.base/java.util.stream.ReferencePipeline$3$1.accept(ReferencePipeline.java:197)
at java.base/java.util.stream.ReferencePipeline$3$1.accept(ReferencePipeline.java:197)
at java.base/java.util.stream.ReferencePipeline$2$1.accept(ReferencePipeline.java:179)
at java.base/java.util.ArrayList$ArrayListSpliterator.forEachRemaining(ArrayList.java:1625)
at java.base/java.util.stream.AbstractPipeline.copyInto(AbstractPipeline.java:509)
at java.base/java.util.stream.AbstractPipeline.wrapAndCopyInto(AbstractPipeline.java:499)
at java.base/java.util.stream.ForEachOps$ForEachOp.evaluateSequential(ForEachOps.java:150)
at java.base/java.util.stream.ForEachOps$ForEachOp$OfRef.evaluateSequential(ForEachOps.java:173)
at java.base/java.util.stream.AbstractPipeline.evaluate(AbstractPipeline.java:234)
at java.base/java.util.stream.ReferencePipeline.forEach(ReferencePipeline.java:596)
at io.cucumber.java.JavaBackend.loadGlue(JavaBackend.java:40)
at io.cucumber.core.runner.Runner.<init>(Runner.java:54)
at io.cucumber.core.runtime.ThreadLocalRunnerSupplier.createRunner(ThreadLocalRunnerSupplier.java:51)
at java.base/java.lang.ThreadLocal$SuppliedThreadLocal.initialValue(ThreadLocal.java:305)
at java.base/java.lang.ThreadLocal.setInitialValue(ThreadLocal.java:195)
at java.base/java.lang.ThreadLocal.get(ThreadLocal.java:172)
at io.cucumber.core.runtime.ThreadLocalRunnerSupplier.get(ThreadLocalRunnerSupplier.java:43)
at io.cucumber.core.runtime.CucumberExecutionContext.getRunner(CucumberExecutionContext.java:128)
at io.cucumber.core.runtime.CucumberExecutionContext.runTestCase(CucumberExecutionContext.java:115)
at io.cucumber.testng.TestNGCucumberRunner.runScenario(TestNGCucumberRunner.java:131)
at io.cucumber.testng.AbstractTestNGCucumberTests.runScenario(AbstractTestNGCucumberTests.java:31)
at java.base/jdk.internal.reflect.NativeMethodAccessorImpl.invoke0(Native Method)
at java.base/jdk.internal.reflect.NativeMethodAccessorImpl.invoke(NativeMethodAccessorImpl.java:77)
at java.base/jdk.internal.reflect.DelegatingMethodAccessorImpl.invoke(DelegatingMethodAccessorImpl.java:43)
at java.base/java.lang.reflect.Method.invoke(Method.java:568)
at org.testng.internal.MethodInvocationHelper.invokeMethod(MethodInvocationHelper.java:133)
at org.testng.internal.TestInvoker.invokeMethod(TestInvoker.java:598)
at org.testng.internal.TestInvoker.invokeTestMethod(TestInvoker.java:173)
at org.testng.internal.MethodRunner.runInSequence(MethodRunner.java:46)
at org.testng.internal.TestInvoker$MethodInvocationAgent.invoke(TestInvoker.java:824)
at org.testng.internal.TestInvoker.invokeTestMethods(TestInvoker.java:146)
at org.testng.internal.TestMethodWorker.invokeTestMethods(TestMethodWorker.java:146)
at org.testng.internal.TestMethodWorker.run(TestMethodWorker.java:128)
at java.base/java.util.ArrayList.forEach(ArrayList.java:1511)
at org.testng.TestRunner.privateRun(TestRunner.java:794)
at org.testng.TestRunner.run(TestRunner.java:596)
at org.testng.SuiteRunner.runTest(SuiteRunner.java:377)
at org.testng.SuiteRunner.runSequentially(SuiteRunner.java:371)
at org.testng.SuiteRunner.privateRun(SuiteRunner.java:332)
at org.testng.SuiteRunner.run(SuiteRunner.java:276)
at org.testng.SuiteRunnerWorker.runSuite(SuiteRunnerWorker.java:53)
at org.testng.SuiteRunnerWorker.run(SuiteRunnerWorker.java:96)
at org.testng.TestNG.runSuitesSequentially(TestNG.java:1212)
at org.testng.TestNG.runSuitesLocally(TestNG.java:1134)
at org.testng.TestNG.runSuites(TestNG.java:1063)
at org.testng.TestNG.run(TestNG.java:1031)
at org.testng.remote.AbstractRemoteTestNG.run(AbstractRemoteTestNG.java:115)
at org.testng.remote.RemoteTestNG.initAndRun(RemoteTestNG.java:251)
at org.testng.remote.RemoteTestNG.main(RemoteTestNG.java:77)
]]>
    </error>
  </testcase> <!-- runScenario -->
  <system-out/>
  <testcase classname="runner.CucumberRunnerTests" name="runScenario" time="0.013">
    <error message="A method annotated with Before, After, BeforeStep or AfterStep must have one of these signatures:
 * public void before_or_after(io.cucumber.java.Scenario scenario)
 * public void before_or_after()
at definitions.Hooks.setUp(java.lang.String)

" type="io.cucumber.java.InvalidMethodSignatureException">
      <![CDATA[io.cucumber.java.InvalidMethodSignatureException: A method annotated with Before, After, BeforeStep or AfterStep must have one of these signatures:
 * public void before_or_after(io.cucumber.java.Scenario scenario)
 * public void before_or_after()
at definitions.Hooks.setUp(java.lang.String)


at io.cucumber.java.InvalidMethodSignatureException$InvalidMethodSignatureExceptionBuilder.build(InvalidMethodSignatureException.java:52)
at io.cucumber.java.JavaHookDefinition.createInvalidSignatureException(JavaHookDefinition.java:47)
at io.cucumber.java.JavaHookDefinition.requireValidMethod(JavaHookDefinition.java:32)
at io.cucumber.java.JavaHookDefinition.<init>(JavaHookDefinition.java:18)
at io.cucumber.java.GlueAdaptor.addDefinition(GlueAdaptor.java:27)
at io.cucumber.java.JavaBackend.lambda$loadGlue$1(JavaBackend.java:42)
at io.cucumber.java.MethodScanner.scan(MethodScanner.java:65)
at io.cucumber.java.MethodScanner.scan(MethodScanner.java:56)
at io.cucumber.java.MethodScanner.scan(MethodScanner.java:31)
at io.cucumber.java.JavaBackend.lambda$loadGlue$2(JavaBackend.java:40)
at java.base/java.util.stream.ForEachOps$ForEachOp$OfRef.accept(ForEachOps.java:183)
at java.base/java.util.ArrayList$ArrayListSpliterator.forEachRemaining(ArrayList.java:1625)
at java.base/java.util.stream.ReferencePipeline$Head.forEach(ReferencePipeline.java:762)
at java.base/java.util.stream.ReferencePipeline$7$1.accept(ReferencePipeline.java:276)
at java.base/java.util.stream.ReferencePipeline$3$1.accept(ReferencePipeline.java:197)
at java.base/java.util.stream.ReferencePipeline$3$1.accept(ReferencePipeline.java:197)
at java.base/java.util.stream.ReferencePipeline$2$1.accept(ReferencePipeline.java:179)
at java.base/java.util.ArrayList$ArrayListSpliterator.forEachRemaining(ArrayList.java:1625)
at java.base/java.util.stream.AbstractPipeline.copyInto(AbstractPipeline.java:509)
at java.base/java.util.stream.AbstractPipeline.wrapAndCopyInto(AbstractPipeline.java:499)
at java.base/java.util.stream.ForEachOps$ForEachOp.evaluateSequential(ForEachOps.java:150)
at java.base/java.util.stream.ForEachOps$ForEachOp$OfRef.evaluateSequential(ForEachOps.java:173)
at java.base/java.util.stream.AbstractPipeline.evaluate(AbstractPipeline.java:234)
at java.base/java.util.stream.ReferencePipeline.forEach(ReferencePipeline.java:596)
at io.cucumber.java.JavaBackend.loadGlue(JavaBackend.java:40)
at io.cucumber.core.runner.Runner.<init>(Runner.java:54)
at io.cucumber.core.runtime.ThreadLocalRunnerSupplier.createRunner(ThreadLocalRunnerSupplier.java:51)
at java.base/java.lang.ThreadLocal$SuppliedThreadLocal.initialValue(ThreadLocal.java:305)
at java.base/java.lang.ThreadLocal.setInitialValue(ThreadLocal.java:195)
at java.base/java.lang.ThreadLocal.get(ThreadLocal.java:172)
at io.cucumber.core.runtime.ThreadLocalRunnerSupplier.get(ThreadLocalRunnerSupplier.java:43)
at io.cucumber.core.runtime.CucumberExecutionContext.getRunner(CucumberExecutionContext.java:128)
at io.cucumber.core.runtime.CucumberExecutionContext.runTestCase(CucumberExecutionContext.java:115)
at io.cucumber.testng.TestNGCucumberRunner.runScenario(TestNGCucumberRunner.java:131)
at io.cucumber.testng.AbstractTestNGCucumberTests.runScenario(AbstractTestNGCucumberTests.java:31)
at java.base/jdk.internal.reflect.NativeMethodAccessorImpl.invoke0(Native Method)
at java.base/jdk.internal.reflect.NativeMethodAccessorImpl.invoke(NativeMethodAccessorImpl.java:77)
at java.base/jdk.internal.reflect.DelegatingMethodAccessorImpl.invoke(DelegatingMethodAccessorImpl.java:43)
at java.base/java.lang.reflect.Method.invoke(Method.java:568)
at org.testng.internal.MethodInvocationHelper.invokeMethod(MethodInvocationHelper.java:133)
at org.testng.internal.TestInvoker.invokeMethod(TestInvoker.java:598)
at org.testng.internal.TestInvoker.invokeTestMethod(TestInvoker.java:173)
at org.testng.internal.MethodRunner.runInSequence(MethodRunner.java:46)
at org.testng.internal.TestInvoker$MethodInvocationAgent.invoke(TestInvoker.java:824)
at org.testng.internal.TestInvoker.invokeTestMethods(TestInvoker.java:146)
at org.testng.internal.TestMethodWorker.invokeTestMethods(TestMethodWorker.java:146)
at org.testng.internal.TestMethodWorker.run(TestMethodWorker.java:128)
at java.base/java.util.ArrayList.forEach(ArrayList.java:1511)
at org.testng.TestRunner.privateRun(TestRunner.java:794)
at org.testng.TestRunner.run(TestRunner.java:596)
at org.testng.SuiteRunner.runTest(SuiteRunner.java:377)
at org.testng.SuiteRunner.runSequentially(SuiteRunner.java:371)
at org.testng.SuiteRunner.privateRun(SuiteRunner.java:332)
at org.testng.SuiteRunner.run(SuiteRunner.java:276)
at org.testng.SuiteRunnerWorker.runSuite(SuiteRunnerWorker.java:53)
at org.testng.SuiteRunnerWorker.run(SuiteRunnerWorker.java:96)
at org.testng.TestNG.runSuitesSequentially(TestNG.java:1212)
at org.testng.TestNG.runSuitesLocally(TestNG.java:1134)
at org.testng.TestNG.runSuites(TestNG.java:1063)
at org.testng.TestNG.run(TestNG.java:1031)
at org.testng.remote.AbstractRemoteTestNG.run(AbstractRemoteTestNG.java:115)
at org.testng.remote.RemoteTestNG.initAndRun(RemoteTestNG.java:251)
at org.testng.remote.RemoteTestNG.main(RemoteTestNG.java:77)
]]>
    </error>
  </testcase> <!-- runScenario -->
  <system-out/>
  <testcase classname="runner.CucumberRunnerTests" name="runScenario" time="0.013">
    <error message="A method annotated with Before, After, BeforeStep or AfterStep must have one of these signatures:
 * public void before_or_after(io.cucumber.java.Scenario scenario)
 * public void before_or_after()
at definitions.Hooks.setUp(java.lang.String)

" type="io.cucumber.java.InvalidMethodSignatureException">
      <![CDATA[io.cucumber.java.InvalidMethodSignatureException: A method annotated with Before, After, BeforeStep or AfterStep must have one of these signatures:
 * public void before_or_after(io.cucumber.java.Scenario scenario)
 * public void before_or_after()
at definitions.Hooks.setUp(java.lang.String)


at io.cucumber.java.InvalidMethodSignatureException$InvalidMethodSignatureExceptionBuilder.build(InvalidMethodSignatureException.java:52)
at io.cucumber.java.JavaHookDefinition.createInvalidSignatureException(JavaHookDefinition.java:47)
at io.cucumber.java.JavaHookDefinition.requireValidMethod(JavaHookDefinition.java:32)
at io.cucumber.java.JavaHookDefinition.<init>(JavaHookDefinition.java:18)
at io.cucumber.java.GlueAdaptor.addDefinition(GlueAdaptor.java:27)
at io.cucumber.java.JavaBackend.lambda$loadGlue$1(JavaBackend.java:42)
at io.cucumber.java.MethodScanner.scan(MethodScanner.java:65)
at io.cucumber.java.MethodScanner.scan(MethodScanner.java:56)
at io.cucumber.java.MethodScanner.scan(MethodScanner.java:31)
at io.cucumber.java.JavaBackend.lambda$loadGlue$2(JavaBackend.java:40)
at java.base/java.util.stream.ForEachOps$ForEachOp$OfRef.accept(ForEachOps.java:183)
at java.base/java.util.ArrayList$ArrayListSpliterator.forEachRemaining(ArrayList.java:1625)
at java.base/java.util.stream.ReferencePipeline$Head.forEach(ReferencePipeline.java:762)
at java.base/java.util.stream.ReferencePipeline$7$1.accept(ReferencePipeline.java:276)
at java.base/java.util.stream.ReferencePipeline$3$1.accept(ReferencePipeline.java:197)
at java.base/java.util.stream.ReferencePipeline$3$1.accept(ReferencePipeline.java:197)
at java.base/java.util.stream.ReferencePipeline$2$1.accept(ReferencePipeline.java:179)
at java.base/java.util.ArrayList$ArrayListSpliterator.forEachRemaining(ArrayList.java:1625)
at java.base/java.util.stream.AbstractPipeline.copyInto(AbstractPipeline.java:509)
at java.base/java.util.stream.AbstractPipeline.wrapAndCopyInto(AbstractPipeline.java:499)
at java.base/java.util.stream.ForEachOps$ForEachOp.evaluateSequential(ForEachOps.java:150)
at java.base/java.util.stream.ForEachOps$ForEachOp$OfRef.evaluateSequential(ForEachOps.java:173)
at java.base/java.util.stream.AbstractPipeline.evaluate(AbstractPipeline.java:234)
at java.base/java.util.stream.ReferencePipeline.forEach(ReferencePipeline.java:596)
at io.cucumber.java.JavaBackend.loadGlue(JavaBackend.java:40)
at io.cucumber.core.runner.Runner.<init>(Runner.java:54)
at io.cucumber.core.runtime.ThreadLocalRunnerSupplier.createRunner(ThreadLocalRunnerSupplier.java:51)
at java.base/java.lang.ThreadLocal$SuppliedThreadLocal.initialValue(ThreadLocal.java:305)
at java.base/java.lang.ThreadLocal.setInitialValue(ThreadLocal.java:195)
at java.base/java.lang.ThreadLocal.get(ThreadLocal.java:172)
at io.cucumber.core.runtime.ThreadLocalRunnerSupplier.get(ThreadLocalRunnerSupplier.java:43)
at io.cucumber.core.runtime.CucumberExecutionContext.getRunner(CucumberExecutionContext.java:128)
at io.cucumber.core.runtime.CucumberExecutionContext.runTestCase(CucumberExecutionContext.java:115)
at io.cucumber.testng.TestNGCucumberRunner.runScenario(TestNGCucumberRunner.java:131)
at io.cucumber.testng.AbstractTestNGCucumberTests.runScenario(AbstractTestNGCucumberTests.java:31)
at java.base/jdk.internal.reflect.NativeMethodAccessorImpl.invoke0(Native Method)
at java.base/jdk.internal.reflect.NativeMethodAccessorImpl.invoke(NativeMethodAccessorImpl.java:77)
at java.base/jdk.internal.reflect.DelegatingMethodAccessorImpl.invoke(DelegatingMethodAccessorImpl.java:43)
at java.base/java.lang.reflect.Method.invoke(Method.java:568)
at org.testng.internal.MethodInvocationHelper.invokeMethod(MethodInvocationHelper.java:133)
at org.testng.internal.TestInvoker.invokeMethod(TestInvoker.java:598)
at org.testng.internal.TestInvoker.invokeTestMethod(TestInvoker.java:173)
at org.testng.internal.MethodRunner.runInSequence(MethodRunner.java:46)
at org.testng.internal.TestInvoker$MethodInvocationAgent.invoke(TestInvoker.java:824)
at org.testng.internal.TestInvoker.invokeTestMethods(TestInvoker.java:146)
at org.testng.internal.TestMethodWorker.invokeTestMethods(TestMethodWorker.java:146)
at org.testng.internal.TestMethodWorker.run(TestMethodWorker.java:128)
at java.base/java.util.ArrayList.forEach(ArrayList.java:1511)
at org.testng.TestRunner.privateRun(TestRunner.java:794)
at org.testng.TestRunner.run(TestRunner.java:596)
at org.testng.SuiteRunner.runTest(SuiteRunner.java:377)
at org.testng.SuiteRunner.runSequentially(SuiteRunner.java:371)
at org.testng.SuiteRunner.privateRun(SuiteRunner.java:332)
at org.testng.SuiteRunner.run(SuiteRunner.java:276)
at org.testng.SuiteRunnerWorker.runSuite(SuiteRunnerWorker.java:53)
at org.testng.SuiteRunnerWorker.run(SuiteRunnerWorker.java:96)
at org.testng.TestNG.runSuitesSequentially(TestNG.java:1212)
at org.testng.TestNG.runSuitesLocally(TestNG.java:1134)
at org.testng.TestNG.runSuites(TestNG.java:1063)
at org.testng.TestNG.run(TestNG.java:1031)
at org.testng.remote.AbstractRemoteTestNG.run(AbstractRemoteTestNG.java:115)
at org.testng.remote.RemoteTestNG.initAndRun(RemoteTestNG.java:251)
at org.testng.remote.RemoteTestNG.main(RemoteTestNG.java:77)
]]>
    </error>
  </testcase> <!-- runScenario -->
  <system-out/>
  <testcase classname="runner.CucumberRunnerTests" name="runScenario" time="0.013">
    <error message="A method annotated with Before, After, BeforeStep or AfterStep must have one of these signatures:
 * public void before_or_after(io.cucumber.java.Scenario scenario)
 * public void before_or_after()
at definitions.Hooks.setUp(java.lang.String)

" type="io.cucumber.java.InvalidMethodSignatureException">
      <![CDATA[io.cucumber.java.InvalidMethodSignatureException: A method annotated with Before, After, BeforeStep or AfterStep must have one of these signatures:
 * public void before_or_after(io.cucumber.java.Scenario scenario)
 * public void before_or_after()
at definitions.Hooks.setUp(java.lang.String)


at io.cucumber.java.InvalidMethodSignatureException$InvalidMethodSignatureExceptionBuilder.build(InvalidMethodSignatureException.java:52)
at io.cucumber.java.JavaHookDefinition.createInvalidSignatureException(JavaHookDefinition.java:47)
at io.cucumber.java.JavaHookDefinition.requireValidMethod(JavaHookDefinition.java:32)
at io.cucumber.java.JavaHookDefinition.<init>(JavaHookDefinition.java:18)
at io.cucumber.java.GlueAdaptor.addDefinition(GlueAdaptor.java:27)
at io.cucumber.java.JavaBackend.lambda$loadGlue$1(JavaBackend.java:42)
at io.cucumber.java.MethodScanner.scan(MethodScanner.java:65)
at io.cucumber.java.MethodScanner.scan(MethodScanner.java:56)
at io.cucumber.java.MethodScanner.scan(MethodScanner.java:31)
at io.cucumber.java.JavaBackend.lambda$loadGlue$2(JavaBackend.java:40)
at java.base/java.util.stream.ForEachOps$ForEachOp$OfRef.accept(ForEachOps.java:183)
at java.base/java.util.ArrayList$ArrayListSpliterator.forEachRemaining(ArrayList.java:1625)
at java.base/java.util.stream.ReferencePipeline$Head.forEach(ReferencePipeline.java:762)
at java.base/java.util.stream.ReferencePipeline$7$1.accept(ReferencePipeline.java:276)
at java.base/java.util.stream.ReferencePipeline$3$1.accept(ReferencePipeline.java:197)
at java.base/java.util.stream.ReferencePipeline$3$1.accept(ReferencePipeline.java:197)
at java.base/java.util.stream.ReferencePipeline$2$1.accept(ReferencePipeline.java:179)
at java.base/java.util.ArrayList$ArrayListSpliterator.forEachRemaining(ArrayList.java:1625)
at java.base/java.util.stream.AbstractPipeline.copyInto(AbstractPipeline.java:509)
at java.base/java.util.stream.AbstractPipeline.wrapAndCopyInto(AbstractPipeline.java:499)
at java.base/java.util.stream.ForEachOps$ForEachOp.evaluateSequential(ForEachOps.java:150)
at java.base/java.util.stream.ForEachOps$ForEachOp$OfRef.evaluateSequential(ForEachOps.java:173)
at java.base/java.util.stream.AbstractPipeline.evaluate(AbstractPipeline.java:234)
at java.base/java.util.stream.ReferencePipeline.forEach(ReferencePipeline.java:596)
at io.cucumber.java.JavaBackend.loadGlue(JavaBackend.java:40)
at io.cucumber.core.runner.Runner.<init>(Runner.java:54)
at io.cucumber.core.runtime.ThreadLocalRunnerSupplier.createRunner(ThreadLocalRunnerSupplier.java:51)
at java.base/java.lang.ThreadLocal$SuppliedThreadLocal.initialValue(ThreadLocal.java:305)
at java.base/java.lang.ThreadLocal.setInitialValue(ThreadLocal.java:195)
at java.base/java.lang.ThreadLocal.get(ThreadLocal.java:172)
at io.cucumber.core.runtime.ThreadLocalRunnerSupplier.get(ThreadLocalRunnerSupplier.java:43)
at io.cucumber.core.runtime.CucumberExecutionContext.getRunner(CucumberExecutionContext.java:128)
at io.cucumber.core.runtime.CucumberExecutionContext.runTestCase(CucumberExecutionContext.java:115)
at io.cucumber.testng.TestNGCucumberRunner.runScenario(TestNGCucumberRunner.java:131)
at io.cucumber.testng.AbstractTestNGCucumberTests.runScenario(AbstractTestNGCucumberTests.java:31)
at java.base/jdk.internal.reflect.NativeMethodAccessorImpl.invoke0(Native Method)
at java.base/jdk.internal.reflect.NativeMethodAccessorImpl.invoke(NativeMethodAccessorImpl.java:77)
at java.base/jdk.internal.reflect.DelegatingMethodAccessorImpl.invoke(DelegatingMethodAccessorImpl.java:43)
at java.base/java.lang.reflect.Method.invoke(Method.java:568)
at org.testng.internal.MethodInvocationHelper.invokeMethod(MethodInvocationHelper.java:133)
at org.testng.internal.TestInvoker.invokeMethod(TestInvoker.java:598)
at org.testng.internal.TestInvoker.invokeTestMethod(TestInvoker.java:173)
at org.testng.internal.MethodRunner.runInSequence(MethodRunner.java:46)
at org.testng.internal.TestInvoker$MethodInvocationAgent.invoke(TestInvoker.java:824)
at org.testng.internal.TestInvoker.invokeTestMethods(TestInvoker.java:146)
at org.testng.internal.TestMethodWorker.invokeTestMethods(TestMethodWorker.java:146)
at org.testng.internal.TestMethodWorker.run(TestMethodWorker.java:128)
at java.base/java.util.ArrayList.forEach(ArrayList.java:1511)
at org.testng.TestRunner.privateRun(TestRunner.java:794)
at org.testng.TestRunner.run(TestRunner.java:596)
at org.testng.SuiteRunner.runTest(SuiteRunner.java:377)
at org.testng.SuiteRunner.runSequentially(SuiteRunner.java:371)
at org.testng.SuiteRunner.privateRun(SuiteRunner.java:332)
at org.testng.SuiteRunner.run(SuiteRunner.java:276)
at org.testng.SuiteRunnerWorker.runSuite(SuiteRunnerWorker.java:53)
at org.testng.SuiteRunnerWorker.run(SuiteRunnerWorker.java:96)
at org.testng.TestNG.runSuitesSequentially(TestNG.java:1212)
at org.testng.TestNG.runSuitesLocally(TestNG.java:1134)
at org.testng.TestNG.runSuites(TestNG.java:1063)
at org.testng.TestNG.run(TestNG.java:1031)
at org.testng.remote.AbstractRemoteTestNG.run(AbstractRemoteTestNG.java:115)
at org.testng.remote.RemoteTestNG.initAndRun(RemoteTestNG.java:251)
at org.testng.remote.RemoteTestNG.main(RemoteTestNG.java:77)
]]>
    </error>
  </testcase> <!-- runScenario -->
  <system-out/>
</testsuite> <!-- runner.CucumberRunnerTests -->
